This is pdfeTeX, Version 3.141592-1.21a-2.2 (Web2C 7.5.4) (format=pdflatex 2008.1.10)  16 SEP 2008 16:09
entering extended mode
**couple_em2d.tex
(./couple_em2d.tex
LaTeX2e <2003/12/01>
Babel <v3.8d> and hyphenation patterns for american, french, german, ngerman, b
ahasa, basque, bulgarian, catalan, croatian, czech, danish, dutch, esperanto, e
stonian, finnish, greek, icelandic, irish, italian, latin, magyar, norsk, polis
h, portuges, romanian, russian, serbian, slovak, slovene, spanish, swedish, tur
kish, ukrainian, nohyphenation, loaded.
(/usr/local/share/texmf/tex/latex/base/article.cls
Document Class: article 2004/02/16 v1.4f Standard LaTeX document class
(/usr/local/share/texmf/tex/latex/base/size10.clo
File: size10.clo 2004/02/16 v1.4f Standard LaTeX file (size option)
)
\c@part=\count79
\c@section=\count80
\c@subsection=\count81
\c@subsubsection=\count82
\c@paragraph=\count83
\c@subparagraph=\count84
\c@figure=\count85
\c@table=\count86
\abovecaptionskip=\skip41
\belowcaptionskip=\skip42
\bibindent=\dimen102
)
No file couple_em2d.aux.
\openout1 = `couple_em2d.aux'.

LaTeX Font Info:    Checking defaults for OML/cmm/m/it on input line 3.
LaTeX Font Info:    ... okay on input line 3.
LaTeX Font Info:    Checking defaults for T1/cmr/m/n on input line 3.
LaTeX Font Info:    ... okay on input line 3.
LaTeX Font Info:    Checking defaults for OT1/cmr/m/n on input line 3.
LaTeX Font Info:    ... okay on input line 3.
LaTeX Font Info:    Checking defaults for OMS/cmsy/m/n on input line 3.
LaTeX Font Info:    ... okay on input line 3.
LaTeX Font Info:    Checking defaults for OMX/cmex/m/n on input line 3.
LaTeX Font Info:    ... okay on input line 3.
LaTeX Font Info:    Checking defaults for U/cmr/m/n on input line 3.
LaTeX Font Info:    ... okay on input line 3.
LaTeX Font Info:    External font `cmex10' loaded for size
(Font)              <7> on input line 5.
LaTeX Font Info:    External font `cmex10' loaded for size
(Font)              <5> on input line 5.
[1

{/usr/share/texmf-var/fonts/map/pdftex/updmap/pdftex.map}]
Overfull \hbox (6.74693pt too wide) in paragraph at lines 195--195
[]       \OT1/cmtt/m/n/10 // Evaluate variations of C = F'*F, J = det(F), and J
*inv(C)[] 
 []

[2]
Overfull \hbox (27.74675pt too wide) in paragraph at lines 195--195
[]                   \OT1/cmtt/m/n/10 Kmm = [E'*DdJCinv(DFx,dFx)*E, E'*DdJCinv(
DFx,dFx)*E;[] 
 []


Overfull \hbox (43.49661pt too wide) in paragraph at lines 195--195
[]                          \OT1/cmtt/m/n/10 E'*DdJCinv(DFy,dFx)*E, E'*DdJCinv(
DFy,dFx)*E]/2;[] 
 []


Overfull \hbox (11.99689pt too wide) in paragraph at lines 195--195
[]                   \OT1/cmtt/m/n/10 inout Kij[nen3](3,3) += [-Kmm, -Kme; Kem,
 Kee]*W;[] 
 []

[3] [4] (./couple_em2d.aux) ) 
Here is how much of TeX's memory you used:
 205 strings out of 94500
 2189 string characters out of 1175788
 52348 words of memory out of 1000000
 3459 multiletter control sequences out of 10000+50000
 4154 words of font info for 16 fonts, out of 500000 for 2000
 580 hyphenation exceptions out of 1000
 23i,7n,17p,119b,240s stack positions out of 1500i,500n,5000p,200000b,5000s
PDF statistics:
 43 PDF objects out of 300000
 0 named destinations out of 131072
 1 words of extra memory for PDF output out of 65536
</usr/local/share/texmf/fonts/type1/bluesky/cm/cmt
t10.pfb></usr/local/share/texmf/fonts/type1/bluesky/cm/cmr5.pfb></usr/local/sha
re/texmf/fonts/type1/bluesky/cm/cmti10.pfb></usr/local/share/texmf/fonts/type1/
bluesky/cm/cmmi7.pfb></usr/local/share/texmf/fonts/type1/bluesky/cm/cmsy10.pfb>
</usr/local/share/texmf/fonts/type1/bluesky/cm/cmr7.pfb></usr/local/share/texmf
/fonts/type1/bluesky/cm/cmex10.pfb></usr/local/share/texmf/fonts/type1/bluesky/
cm/cmsy7.pfb></usr/local/share/texmf/fonts/type1/bluesky/cm/cmmi10.pfb></usr/lo
cal/share/texmf/fonts/type1/bluesky/cm/cmr10.pfb>
Output written on couple_em2d.pdf (4 pages, 58126 bytes).
